"Severity","ThreadID","Date","Time","Application","Message"
"ERROR","http-nio-8888-exec-22","06/22/2021","15:35:02","","Invalid Syntax Closing [}] not found;Invalid Syntax Closing [}] not found;lucee.runtime.exp.TemplateException: Invalid Syntax Closing [}] not found
	at lucee.transformer.cfml.expression.AbstrCFMLExprTransformer.json(AbstrCFMLExprTransformer.java:1306)
	at lucee.transformer.cfml.expression.AbstrCFMLExprTransformer.checker(AbstrCFMLExprTransformer.java:1007)
	at lucee.transformer.cfml.expression.AbstrCFMLExprTransformer.clip(AbstrCFMLExprTransformer.java:952)
	at lucee.transformer.cfml.expression.AbstrCFMLExprTransformer.negatePlusMinusOp(AbstrCFMLExprTransformer.java:940)
	at lucee.transformer.cfml.expression.AbstrCFMLExprTransformer.unaryOp(AbstrCFMLExprTransformer.java:882)
	at lucee.transformer.cfml.expression.AbstrCFMLExprTransformer.expoOp(AbstrCFMLExprTransformer.java:871)
	at lucee.transformer.cfml.expression.AbstrCFMLExprTransformer.divMultiOp(AbstrCFMLExprTransformer.java:814)
	at lucee.transformer.cfml.expression.AbstrCFMLExprTransformer.modOp(AbstrCFMLExprTransformer.java:782)
	at lucee.transformer.cfml.expression.AbstrCFMLExprTransformer.plusMinusOp(AbstrCFMLExprTransformer.java:737)
	at lucee.transformer.cfml.expression.AbstrCFMLExprTransformer.concatOp(AbstrCFMLExprTransformer.java:703)
	at lucee.transformer.cfml.expression.AbstrCFMLExprTransformer.decsionOp(AbstrCFMLExprTransformer.java:515)
	at lucee.transformer.cfml.expression.AbstrCFMLExprTransformer.notOp(AbstrCFMLExprTransformer.java:500)
	at lucee.transformer.cfml.expression.AbstrCFMLExprTransformer.andOp(AbstrCFMLExprTransformer.java:470)
	at lucee.transformer.cfml.expression.AbstrCFMLExprTransformer.orOp(AbstrCFMLExprTransformer.java:451)
	at lucee.transformer.cfml.expression.AbstrCFMLExprTransformer.xorOp(AbstrCFMLExprTransformer.java:433)
	at lucee.transformer.cfml.expression.AbstrCFMLExprTransformer.eqvOp(AbstrCFMLExprTransformer.java:416)
	at lucee.transformer.cfml.expression.AbstrCFMLExprTransformer.impOp(AbstrCFMLExprTransformer.java:399)
	at lucee.transformer.cfml.expression.AbstrCFMLExprTransformer.conditionalOp(AbstrCFMLExprTransformer.java:357)
	at lucee.transformer.cfml.expression.AbstrCFMLExprTransformer.assignOp(AbstrCFMLExprTransformer.java:318)
	at lucee.transformer.cfml.expression.AbstrCFMLExprTransformer.assignOp(AbstrCFMLExprTransformer.java:325)
	at lucee.transformer.cfml.expression.AbstrCFMLExprTransformer.expression(AbstrCFMLExprTransformer.java:271)
	at lucee.transformer.cfml.script.CFMLScriptTransformer.expression(CFMLScriptTransformer.java:64)
	at lucee.transformer.cfml.script.AbstrCFMLScriptTransformer.expressionStatement(AbstrCFMLScriptTransformer.java:2246)
	at lucee.transformer.cfml.script.AbstrCFMLScriptTransformer.statement(AbstrCFMLScriptTransformer.java:250)
	at lucee.transformer.cfml.script.AbstrCFMLScriptTransformer.statement(AbstrCFMLScriptTransformer.java:221)
	at lucee.transformer.cfml.script.AbstrCFMLScriptTransformer.statements(AbstrCFMLScriptTransformer.java:204)
	at lucee.transformer.cfml.script.AbstrCFMLScriptTransformer.block(AbstrCFMLScriptTransformer.java:2440)
	at lucee.transformer.cfml.script.AbstrCFMLScriptTransformer.statement(AbstrCFMLScriptTransformer.java:248)
	at lucee.transformer.cfml.script.AbstrCFMLScriptTransformer.__multiAttrStatement(AbstrCFMLScriptTransformer.java:1519)
	at lucee.transformer.cfml.script.AbstrCFMLScriptTransformer._multiAttrStatement(AbstrCFMLScriptTransformer.java:1434)
	at lucee.transformer.cfml.script.AbstrCFMLScriptTransformer.componentStatement(AbstrCFMLScriptTransformer.java:490)
	at lucee.transformer.cfml.script.AbstrCFMLScriptTransformer.statement(AbstrCFMLScriptTransformer.java:245)
	at lucee.transformer.cfml.script.AbstrCFMLScriptTransformer.statement(AbstrCFMLScriptTransformer.java:221)
	at lucee.transformer.cfml.script.AbstrCFMLScriptTransformer.statements(AbstrCFMLScriptTransformer.java:204)
	at lucee.transformer.cfml.script.AbstrCFMLScriptTransformer.statements(AbstrCFMLScriptTransformer.java:188)
	at lucee.transformer.cfml.script.CFMLScriptTransformer.transform(CFMLScriptTransformer.java:49)
	at lucee.transformer.cfml.tag.CFMLTransformer.tag(CFMLTransformer.java:731)
	at lucee.transformer.cfml.tag.CFMLTransformer.body(CFMLTransformer.java:390)
	at lucee.transformer.cfml.tag.CFMLTransformer.transform(CFMLTransformer.java:328)
	at lucee.transformer.cfml.tag.CFMLTransformer.transform(CFMLTransformer.java:320)
	at lucee.transformer.cfml.tag.CFMLTransformer.transform(CFMLTransformer.java:241)
	at lucee.runtime.compiler.CFMLCompilerImpl._compile(CFMLCompilerImpl.java:125)
	at lucee.runtime.compiler.CFMLCompilerImpl.compile(CFMLCompilerImpl.java:76)
	at lucee.runtime.PageSourceImpl._compile(PageSourceImpl.java:440)
	at lucee.runtime.PageSourceImpl.compile(PageSourceImpl.java:407)
	at lucee.runtime.PageSourceImpl.loadPhysical(PageSourceImpl.java:329)
	at lucee.runtime.PageSourceImpl.loadPage(PageSourceImpl.java:218)
	at lucee.runtime.component.ComponentLoader.loadComponent(ComponentLoader.java:375)
	at lucee.runtime.listener.ModernAppListener._onRequest(ModernAppListener.java:113)
	at lucee.runtime.listener.MixedAppListener.onRequest(MixedAppListener.java:42)
	at lucee.runtime.PageContextImpl.execute(PageContextImpl.java:2416)
	at lucee.runtime.PageContextImpl._execute(PageContextImpl.java:2406)
	at lucee.runtime.PageContextImpl.executeCFML(PageContextImpl.java:2381)
	at lucee.runtime.engine.Request.exe(Request.java:43)
	at lucee.runtime.engine.CFMLEngineImpl._service(CFMLEngineImpl.java:1127)
	at lucee.runtime.engine.CFMLEngineImpl.serviceCFML(CFMLEngineImpl.java:1073)
	at lucee.loader.engine.CFMLEngineWrapper.serviceCFML(CFMLEngineWrapper.java:97)
	at lucee.loader.servlet.CFMLServlet.service(CFMLServlet.java:51)
..."
"ERROR","http-nio-8888-exec-24","06/22/2021","15:35:43","","Invalid Syntax Closing [}] not found;Invalid Syntax Closing [}] not found;lucee.runtime.exp.TemplateException: Invalid Syntax Closing [}] not found
	at lucee.transformer.cfml.expression.AbstrCFMLExprTransformer.json(AbstrCFMLExprTransformer.java:1306)
	at lucee.transformer.cfml.expression.AbstrCFMLExprTransformer.checker(AbstrCFMLExprTransformer.java:1007)
	at lucee.transformer.cfml.expression.AbstrCFMLExprTransformer.clip(AbstrCFMLExprTransformer.java:952)
	at lucee.transformer.cfml.expression.AbstrCFMLExprTransformer.negatePlusMinusOp(AbstrCFMLExprTransformer.java:940)
	at lucee.transformer.cfml.expression.AbstrCFMLExprTransformer.unaryOp(AbstrCFMLExprTransformer.java:882)
	at lucee.transformer.cfml.expression.AbstrCFMLExprTransformer.expoOp(AbstrCFMLExprTransformer.java:871)
	at lucee.transformer.cfml.expression.AbstrCFMLExprTransformer.divMultiOp(AbstrCFMLExprTransformer.java:814)
	at lucee.transformer.cfml.expression.AbstrCFMLExprTransformer.modOp(AbstrCFMLExprTransformer.java:782)
	at lucee.transformer.cfml.expression.AbstrCFMLExprTransformer.plusMinusOp(AbstrCFMLExprTransformer.java:737)
	at lucee.transformer.cfml.expression.AbstrCFMLExprTransformer.concatOp(AbstrCFMLExprTransformer.java:703)
	at lucee.transformer.cfml.expression.AbstrCFMLExprTransformer.decsionOp(AbstrCFMLExprTransformer.java:515)
	at lucee.transformer.cfml.expression.AbstrCFMLExprTransformer.notOp(AbstrCFMLExprTransformer.java:500)
	at lucee.transformer.cfml.expression.AbstrCFMLExprTransformer.andOp(AbstrCFMLExprTransformer.java:470)
	at lucee.transformer.cfml.expression.AbstrCFMLExprTransformer.orOp(AbstrCFMLExprTransformer.java:451)
	at lucee.transformer.cfml.expression.AbstrCFMLExprTransformer.xorOp(AbstrCFMLExprTransformer.java:433)
	at lucee.transformer.cfml.expression.AbstrCFMLExprTransformer.eqvOp(AbstrCFMLExprTransformer.java:416)
	at lucee.transformer.cfml.expression.AbstrCFMLExprTransformer.impOp(AbstrCFMLExprTransformer.java:399)
	at lucee.transformer.cfml.expression.AbstrCFMLExprTransformer.conditionalOp(AbstrCFMLExprTransformer.java:357)
	at lucee.transformer.cfml.expression.AbstrCFMLExprTransformer.assignOp(AbstrCFMLExprTransformer.java:318)
	at lucee.transformer.cfml.expression.AbstrCFMLExprTransformer.assignOp(AbstrCFMLExprTransformer.java:325)
	at lucee.transformer.cfml.expression.AbstrCFMLExprTransformer.expression(AbstrCFMLExprTransformer.java:271)
	at lucee.transformer.cfml.script.CFMLScriptTransformer.expression(CFMLScriptTransformer.java:64)
	at lucee.transformer.cfml.script.AbstrCFMLScriptTransformer.expressionStatement(AbstrCFMLScriptTransformer.java:2246)
	at lucee.transformer.cfml.script.AbstrCFMLScriptTransformer.statement(AbstrCFMLScriptTransformer.java:250)
	at lucee.transformer.cfml.script.AbstrCFMLScriptTransformer.statement(AbstrCFMLScriptTransformer.java:221)
	at lucee.transformer.cfml.script.AbstrCFMLScriptTransformer.statements(AbstrCFMLScriptTransformer.java:204)
	at lucee.transformer.cfml.script.AbstrCFMLScriptTransformer.block(AbstrCFMLScriptTransformer.java:2440)
	at lucee.transformer.cfml.script.AbstrCFMLScriptTransformer.statement(AbstrCFMLScriptTransformer.java:248)
	at lucee.transformer.cfml.script.AbstrCFMLScriptTransformer.__multiAttrStatement(AbstrCFMLScriptTransformer.java:1519)
	at lucee.transformer.cfml.script.AbstrCFMLScriptTransformer._multiAttrStatement(AbstrCFMLScriptTransformer.java:1434)
	at lucee.transformer.cfml.script.AbstrCFMLScriptTransformer.componentStatement(AbstrCFMLScriptTransformer.java:490)
	at lucee.transformer.cfml.script.AbstrCFMLScriptTransformer.statement(AbstrCFMLScriptTransformer.java:245)
	at lucee.transformer.cfml.script.AbstrCFMLScriptTransformer.statement(AbstrCFMLScriptTransformer.java:221)
	at lucee.transformer.cfml.script.AbstrCFMLScriptTransformer.statements(AbstrCFMLScriptTransformer.java:204)
	at lucee.transformer.cfml.script.AbstrCFMLScriptTransformer.statements(AbstrCFMLScriptTransformer.java:188)
	at lucee.transformer.cfml.script.CFMLScriptTransformer.transform(CFMLScriptTransformer.java:49)
	at lucee.transformer.cfml.tag.CFMLTransformer.tag(CFMLTransformer.java:731)
	at lucee.transformer.cfml.tag.CFMLTransformer.body(CFMLTransformer.java:390)
	at lucee.transformer.cfml.tag.CFMLTransformer.transform(CFMLTransformer.java:328)
	at lucee.transformer.cfml.tag.CFMLTransformer.transform(CFMLTransformer.java:320)
	at lucee.transformer.cfml.tag.CFMLTransformer.transform(CFMLTransformer.java:241)
	at lucee.runtime.compiler.CFMLCompilerImpl._compile(CFMLCompilerImpl.java:125)
	at lucee.runtime.compiler.CFMLCompilerImpl.compile(CFMLCompilerImpl.java:76)
	at lucee.runtime.PageSourceImpl._compile(PageSourceImpl.java:440)
	at lucee.runtime.PageSourceImpl.compile(PageSourceImpl.java:407)
	at lucee.runtime.PageSourceImpl.loadPhysical(PageSourceImpl.java:329)
	at lucee.runtime.PageSourceImpl.loadPage(PageSourceImpl.java:218)
	at lucee.runtime.component.ComponentLoader.loadComponent(ComponentLoader.java:375)
	at lucee.runtime.listener.ModernAppListener._onRequest(ModernAppListener.java:113)
	at lucee.runtime.listener.MixedAppListener.onRequest(MixedAppListener.java:42)
	at lucee.runtime.PageContextImpl.execute(PageContextImpl.java:2416)
	at lucee.runtime.PageContextImpl._execute(PageContextImpl.java:2406)
	at lucee.runtime.PageContextImpl.executeCFML(PageContextImpl.java:2381)
	at lucee.runtime.engine.Request.exe(Request.java:43)
	at lucee.runtime.engine.CFMLEngineImpl._service(CFMLEngineImpl.java:1127)
	at lucee.runtime.engine.CFMLEngineImpl.serviceCFML(CFMLEngineImpl.java:1073)
	at lucee.loader.engine.CFMLEngineWrapper.serviceCFML(CFMLEngineWrapper.java:97)
	at lucee.loader.servlet.CFMLServlet.service(CFMLServlet.java:51)
..."
"ERROR","http-nio-8888-exec-23","06/22/2021","15:35:44","","Invalid Syntax Closing [}] not found;Invalid Syntax Closing [}] not found;lucee.runtime.exp.TemplateException: Invalid Syntax Closing [}] not found
	at lucee.transformer.cfml.expression.AbstrCFMLExprTransformer.json(AbstrCFMLExprTransformer.java:1306)
	at lucee.transformer.cfml.expression.AbstrCFMLExprTransformer.checker(AbstrCFMLExprTransformer.java:1007)
	at lucee.transformer.cfml.expression.AbstrCFMLExprTransformer.clip(AbstrCFMLExprTransformer.java:952)
	at lucee.transformer.cfml.expression.AbstrCFMLExprTransformer.negatePlusMinusOp(AbstrCFMLExprTransformer.java:940)
	at lucee.transformer.cfml.expression.AbstrCFMLExprTransformer.unaryOp(AbstrCFMLExprTransformer.java:882)
	at lucee.transformer.cfml.expression.AbstrCFMLExprTransformer.expoOp(AbstrCFMLExprTransformer.java:871)
	at lucee.transformer.cfml.expression.AbstrCFMLExprTransformer.divMultiOp(AbstrCFMLExprTransformer.java:814)
	at lucee.transformer.cfml.expression.AbstrCFMLExprTransformer.modOp(AbstrCFMLExprTransformer.java:782)
	at lucee.transformer.cfml.expression.AbstrCFMLExprTransformer.plusMinusOp(AbstrCFMLExprTransformer.java:737)
	at lucee.transformer.cfml.expression.AbstrCFMLExprTransformer.concatOp(AbstrCFMLExprTransformer.java:703)
	at lucee.transformer.cfml.expression.AbstrCFMLExprTransformer.decsionOp(AbstrCFMLExprTransformer.java:515)
	at lucee.transformer.cfml.expression.AbstrCFMLExprTransformer.notOp(AbstrCFMLExprTransformer.java:500)
	at lucee.transformer.cfml.expression.AbstrCFMLExprTransformer.andOp(AbstrCFMLExprTransformer.java:470)
	at lucee.transformer.cfml.expression.AbstrCFMLExprTransformer.orOp(AbstrCFMLExprTransformer.java:451)
	at lucee.transformer.cfml.expression.AbstrCFMLExprTransformer.xorOp(AbstrCFMLExprTransformer.java:433)
	at lucee.transformer.cfml.expression.AbstrCFMLExprTransformer.eqvOp(AbstrCFMLExprTransformer.java:416)
	at lucee.transformer.cfml.expression.AbstrCFMLExprTransformer.impOp(AbstrCFMLExprTransformer.java:399)
	at lucee.transformer.cfml.expression.AbstrCFMLExprTransformer.conditionalOp(AbstrCFMLExprTransformer.java:357)
	at lucee.transformer.cfml.expression.AbstrCFMLExprTransformer.assignOp(AbstrCFMLExprTransformer.java:318)
	at lucee.transformer.cfml.expression.AbstrCFMLExprTransformer.assignOp(AbstrCFMLExprTransformer.java:325)
	at lucee.transformer.cfml.expression.AbstrCFMLExprTransformer.expression(AbstrCFMLExprTransformer.java:271)
	at lucee.transformer.cfml.script.CFMLScriptTransformer.expression(CFMLScriptTransformer.java:64)
	at lucee.transformer.cfml.script.AbstrCFMLScriptTransformer.expressionStatement(AbstrCFMLScriptTransformer.java:2246)
	at lucee.transformer.cfml.script.AbstrCFMLScriptTransformer.statement(AbstrCFMLScriptTransformer.java:250)
	at lucee.transformer.cfml.script.AbstrCFMLScriptTransformer.statement(AbstrCFMLScriptTransformer.java:221)
	at lucee.transformer.cfml.script.AbstrCFMLScriptTransformer.statements(AbstrCFMLScriptTransformer.java:204)
	at lucee.transformer.cfml.script.AbstrCFMLScriptTransformer.block(AbstrCFMLScriptTransformer.java:2440)
	at lucee.transformer.cfml.script.AbstrCFMLScriptTransformer.statement(AbstrCFMLScriptTransformer.java:248)
	at lucee.transformer.cfml.script.AbstrCFMLScriptTransformer.__multiAttrStatement(AbstrCFMLScriptTransformer.java:1519)
	at lucee.transformer.cfml.script.AbstrCFMLScriptTransformer._multiAttrStatement(AbstrCFMLScriptTransformer.java:1434)
	at lucee.transformer.cfml.script.AbstrCFMLScriptTransformer.componentStatement(AbstrCFMLScriptTransformer.java:490)
	at lucee.transformer.cfml.script.AbstrCFMLScriptTransformer.statement(AbstrCFMLScriptTransformer.java:245)
	at lucee.transformer.cfml.script.AbstrCFMLScriptTransformer.statement(AbstrCFMLScriptTransformer.java:221)
	at lucee.transformer.cfml.script.AbstrCFMLScriptTransformer.statements(AbstrCFMLScriptTransformer.java:204)
	at lucee.transformer.cfml.script.AbstrCFMLScriptTransformer.statements(AbstrCFMLScriptTransformer.java:188)
	at lucee.transformer.cfml.script.CFMLScriptTransformer.transform(CFMLScriptTransformer.java:49)
	at lucee.transformer.cfml.tag.CFMLTransformer.tag(CFMLTransformer.java:731)
	at lucee.transformer.cfml.tag.CFMLTransformer.body(CFMLTransformer.java:390)
	at lucee.transformer.cfml.tag.CFMLTransformer.transform(CFMLTransformer.java:328)
	at lucee.transformer.cfml.tag.CFMLTransformer.transform(CFMLTransformer.java:320)
	at lucee.transformer.cfml.tag.CFMLTransformer.transform(CFMLTransformer.java:241)
	at lucee.runtime.compiler.CFMLCompilerImpl._compile(CFMLCompilerImpl.java:125)
	at lucee.runtime.compiler.CFMLCompilerImpl.compile(CFMLCompilerImpl.java:76)
	at lucee.runtime.PageSourceImpl._compile(PageSourceImpl.java:440)
	at lucee.runtime.PageSourceImpl.compile(PageSourceImpl.java:407)
	at lucee.runtime.PageSourceImpl.loadPhysical(PageSourceImpl.java:329)
	at lucee.runtime.PageSourceImpl.loadPage(PageSourceImpl.java:218)
	at lucee.runtime.component.ComponentLoader.loadComponent(ComponentLoader.java:375)
	at lucee.runtime.listener.ModernAppListener._onRequest(ModernAppListener.java:113)
	at lucee.runtime.listener.MixedAppListener.onRequest(MixedAppListener.java:42)
	at lucee.runtime.PageContextImpl.execute(PageContextImpl.java:2416)
	at lucee.runtime.PageContextImpl._execute(PageContextImpl.java:2406)
	at lucee.runtime.PageContextImpl.executeCFML(PageContextImpl.java:2381)
	at lucee.runtime.engine.Request.exe(Request.java:43)
	at lucee.runtime.engine.CFMLEngineImpl._service(CFMLEngineImpl.java:1127)
	at lucee.runtime.engine.CFMLEngineImpl.serviceCFML(CFMLEngineImpl.java:1073)
	at lucee.loader.engine.CFMLEngineWrapper.serviceCFML(CFMLEngineWrapper.java:97)
	at lucee.loader.servlet.CFMLServlet.service(CFMLServlet.java:51)
..."
"ERROR","http-nio-8888-exec-25","06/22/2021","15:35:44","","Invalid Syntax Closing [}] not found;Invalid Syntax Closing [}] not found;lucee.runtime.exp.TemplateException: Invalid Syntax Closing [}] not found
	at lucee.transformer.cfml.expression.AbstrCFMLExprTransformer.json(AbstrCFMLExprTransformer.java:1306)
	at lucee.transformer.cfml.expression.AbstrCFMLExprTransformer.checker(AbstrCFMLExprTransformer.java:1007)
	at lucee.transformer.cfml.expression.AbstrCFMLExprTransformer.clip(AbstrCFMLExprTransformer.java:952)
	at lucee.transformer.cfml.expression.AbstrCFMLExprTransformer.negatePlusMinusOp(AbstrCFMLExprTransformer.java:940)
	at lucee.transformer.cfml.expression.AbstrCFMLExprTransformer.unaryOp(AbstrCFMLExprTransformer.java:882)
	at lucee.transformer.cfml.expression.AbstrCFMLExprTransformer.expoOp(AbstrCFMLExprTransformer.java:871)
	at lucee.transformer.cfml.expression.AbstrCFMLExprTransformer.divMultiOp(AbstrCFMLExprTransformer.java:814)
	at lucee.transformer.cfml.expression.AbstrCFMLExprTransformer.modOp(AbstrCFMLExprTransformer.java:782)
	at lucee.transformer.cfml.expression.AbstrCFMLExprTransformer.plusMinusOp(AbstrCFMLExprTransformer.java:737)
	at lucee.transformer.cfml.expression.AbstrCFMLExprTransformer.concatOp(AbstrCFMLExprTransformer.java:703)
	at lucee.transformer.cfml.expression.AbstrCFMLExprTransformer.decsionOp(AbstrCFMLExprTransformer.java:515)
	at lucee.transformer.cfml.expression.AbstrCFMLExprTransformer.notOp(AbstrCFMLExprTransformer.java:500)
	at lucee.transformer.cfml.expression.AbstrCFMLExprTransformer.andOp(AbstrCFMLExprTransformer.java:470)
	at lucee.transformer.cfml.expression.AbstrCFMLExprTransformer.orOp(AbstrCFMLExprTransformer.java:451)
	at lucee.transformer.cfml.expression.AbstrCFMLExprTransformer.xorOp(AbstrCFMLExprTransformer.java:433)
	at lucee.transformer.cfml.expression.AbstrCFMLExprTransformer.eqvOp(AbstrCFMLExprTransformer.java:416)
	at lucee.transformer.cfml.expression.AbstrCFMLExprTransformer.impOp(AbstrCFMLExprTransformer.java:399)
	at lucee.transformer.cfml.expression.AbstrCFMLExprTransformer.conditionalOp(AbstrCFMLExprTransformer.java:357)
	at lucee.transformer.cfml.expression.AbstrCFMLExprTransformer.assignOp(AbstrCFMLExprTransformer.java:318)
	at lucee.transformer.cfml.expression.AbstrCFMLExprTransformer.assignOp(AbstrCFMLExprTransformer.java:325)
	at lucee.transformer.cfml.expression.AbstrCFMLExprTransformer.expression(AbstrCFMLExprTransformer.java:271)
	at lucee.transformer.cfml.script.CFMLScriptTransformer.expression(CFMLScriptTransformer.java:64)
	at lucee.transformer.cfml.script.AbstrCFMLScriptTransformer.expressionStatement(AbstrCFMLScriptTransformer.java:2246)
	at lucee.transformer.cfml.script.AbstrCFMLScriptTransformer.statement(AbstrCFMLScriptTransformer.java:250)
	at lucee.transformer.cfml.script.AbstrCFMLScriptTransformer.statement(AbstrCFMLScriptTransformer.java:221)
	at lucee.transformer.cfml.script.AbstrCFMLScriptTransformer.statements(AbstrCFMLScriptTransformer.java:204)
	at lucee.transformer.cfml.script.AbstrCFMLScriptTransformer.block(AbstrCFMLScriptTransformer.java:2440)
	at lucee.transformer.cfml.script.AbstrCFMLScriptTransformer.statement(AbstrCFMLScriptTransformer.java:248)
	at lucee.transformer.cfml.script.AbstrCFMLScriptTransformer.__multiAttrStatement(AbstrCFMLScriptTransformer.java:1519)
	at lucee.transformer.cfml.script.AbstrCFMLScriptTransformer._multiAttrStatement(AbstrCFMLScriptTransformer.java:1434)
	at lucee.transformer.cfml.script.AbstrCFMLScriptTransformer.componentStatement(AbstrCFMLScriptTransformer.java:490)
	at lucee.transformer.cfml.script.AbstrCFMLScriptTransformer.statement(AbstrCFMLScriptTransformer.java:245)
	at lucee.transformer.cfml.script.AbstrCFMLScriptTransformer.statement(AbstrCFMLScriptTransformer.java:221)
	at lucee.transformer.cfml.script.AbstrCFMLScriptTransformer.statements(AbstrCFMLScriptTransformer.java:204)
	at lucee.transformer.cfml.script.AbstrCFMLScriptTransformer.statements(AbstrCFMLScriptTransformer.java:188)
	at lucee.transformer.cfml.script.CFMLScriptTransformer.transform(CFMLScriptTransformer.java:49)
	at lucee.transformer.cfml.tag.CFMLTransformer.tag(CFMLTransformer.java:731)
	at lucee.transformer.cfml.tag.CFMLTransformer.body(CFMLTransformer.java:390)
	at lucee.transformer.cfml.tag.CFMLTransformer.transform(CFMLTransformer.java:328)
	at lucee.transformer.cfml.tag.CFMLTransformer.transform(CFMLTransformer.java:320)
	at lucee.transformer.cfml.tag.CFMLTransformer.transform(CFMLTransformer.java:241)
	at lucee.runtime.compiler.CFMLCompilerImpl._compile(CFMLCompilerImpl.java:125)
	at lucee.runtime.compiler.CFMLCompilerImpl.compile(CFMLCompilerImpl.java:76)
	at lucee.runtime.PageSourceImpl._compile(PageSourceImpl.java:440)
	at lucee.runtime.PageSourceImpl.compile(PageSourceImpl.java:407)
	at lucee.runtime.PageSourceImpl.loadPhysical(PageSourceImpl.java:329)
	at lucee.runtime.PageSourceImpl.loadPage(PageSourceImpl.java:218)
	at lucee.runtime.component.ComponentLoader.loadComponent(ComponentLoader.java:375)
	at lucee.runtime.listener.ModernAppListener._onRequest(ModernAppListener.java:113)
	at lucee.runtime.listener.MixedAppListener.onRequest(MixedAppListener.java:42)
	at lucee.runtime.PageContextImpl.execute(PageContextImpl.java:2416)
	at lucee.runtime.PageContextImpl._execute(PageContextImpl.java:2406)
	at lucee.runtime.PageContextImpl.executeCFML(PageContextImpl.java:2381)
	at lucee.runtime.engine.Request.exe(Request.java:43)
	at lucee.runtime.engine.CFMLEngineImpl._service(CFMLEngineImpl.java:1127)
	at lucee.runtime.engine.CFMLEngineImpl.serviceCFML(CFMLEngineImpl.java:1073)
	at lucee.loader.engine.CFMLEngineWrapper.serviceCFML(CFMLEngineWrapper.java:97)
	at lucee.loader.servlet.CFMLServlet.service(CFMLServlet.java:51)
..."
"ERROR","http-nio-8888-exec-21","06/22/2021","15:35:44","","Invalid Syntax Closing [}] not found;Invalid Syntax Closing [}] not found;lucee.runtime.exp.TemplateException: Invalid Syntax Closing [}] not found
	at lucee.transformer.cfml.expression.AbstrCFMLExprTransformer.json(AbstrCFMLExprTransformer.java:1306)
	at lucee.transformer.cfml.expression.AbstrCFMLExprTransformer.checker(AbstrCFMLExprTransformer.java:1007)
	at lucee.transformer.cfml.expression.AbstrCFMLExprTransformer.clip(AbstrCFMLExprTransformer.java:952)
	at lucee.transformer.cfml.expression.AbstrCFMLExprTransformer.negatePlusMinusOp(AbstrCFMLExprTransformer.java:940)
	at lucee.transformer.cfml.expression.AbstrCFMLExprTransformer.unaryOp(AbstrCFMLExprTransformer.java:882)
	at lucee.transformer.cfml.expression.AbstrCFMLExprTransformer.expoOp(AbstrCFMLExprTransformer.java:871)
	at lucee.transformer.cfml.expression.AbstrCFMLExprTransformer.divMultiOp(AbstrCFMLExprTransformer.java:814)
	at lucee.transformer.cfml.expression.AbstrCFMLExprTransformer.modOp(AbstrCFMLExprTransformer.java:782)
	at lucee.transformer.cfml.expression.AbstrCFMLExprTransformer.plusMinusOp(AbstrCFMLExprTransformer.java:737)
	at lucee.transformer.cfml.expression.AbstrCFMLExprTransformer.concatOp(AbstrCFMLExprTransformer.java:703)
	at lucee.transformer.cfml.expression.AbstrCFMLExprTransformer.decsionOp(AbstrCFMLExprTransformer.java:515)
	at lucee.transformer.cfml.expression.AbstrCFMLExprTransformer.notOp(AbstrCFMLExprTransformer.java:500)
	at lucee.transformer.cfml.expression.AbstrCFMLExprTransformer.andOp(AbstrCFMLExprTransformer.java:470)
	at lucee.transformer.cfml.expression.AbstrCFMLExprTransformer.orOp(AbstrCFMLExprTransformer.java:451)
	at lucee.transformer.cfml.expression.AbstrCFMLExprTransformer.xorOp(AbstrCFMLExprTransformer.java:433)
	at lucee.transformer.cfml.expression.AbstrCFMLExprTransformer.eqvOp(AbstrCFMLExprTransformer.java:416)
	at lucee.transformer.cfml.expression.AbstrCFMLExprTransformer.impOp(AbstrCFMLExprTransformer.java:399)
	at lucee.transformer.cfml.expression.AbstrCFMLExprTransformer.conditionalOp(AbstrCFMLExprTransformer.java:357)
	at lucee.transformer.cfml.expression.AbstrCFMLExprTransformer.assignOp(AbstrCFMLExprTransformer.java:318)
	at lucee.transformer.cfml.expression.AbstrCFMLExprTransformer.assignOp(AbstrCFMLExprTransformer.java:325)
	at lucee.transformer.cfml.expression.AbstrCFMLExprTransformer.expression(AbstrCFMLExprTransformer.java:271)
	at lucee.transformer.cfml.script.CFMLScriptTransformer.expression(CFMLScriptTransformer.java:64)
	at lucee.transformer.cfml.script.AbstrCFMLScriptTransformer.expressionStatement(AbstrCFMLScriptTransformer.java:2246)
	at lucee.transformer.cfml.script.AbstrCFMLScriptTransformer.statement(AbstrCFMLScriptTransformer.java:250)
	at lucee.transformer.cfml.script.AbstrCFMLScriptTransformer.statement(AbstrCFMLScriptTransformer.java:221)
	at lucee.transformer.cfml.script.AbstrCFMLScriptTransformer.statements(AbstrCFMLScriptTransformer.java:204)
	at lucee.transformer.cfml.script.AbstrCFMLScriptTransformer.block(AbstrCFMLScriptTransformer.java:2440)
	at lucee.transformer.cfml.script.AbstrCFMLScriptTransformer.statement(AbstrCFMLScriptTransformer.java:248)
	at lucee.transformer.cfml.script.AbstrCFMLScriptTransformer.__multiAttrStatement(AbstrCFMLScriptTransformer.java:1519)
	at lucee.transformer.cfml.script.AbstrCFMLScriptTransformer._multiAttrStatement(AbstrCFMLScriptTransformer.java:1434)
	at lucee.transformer.cfml.script.AbstrCFMLScriptTransformer.componentStatement(AbstrCFMLScriptTransformer.java:490)
	at lucee.transformer.cfml.script.AbstrCFMLScriptTransformer.statement(AbstrCFMLScriptTransformer.java:245)
	at lucee.transformer.cfml.script.AbstrCFMLScriptTransformer.statement(AbstrCFMLScriptTransformer.java:221)
	at lucee.transformer.cfml.script.AbstrCFMLScriptTransformer.statements(AbstrCFMLScriptTransformer.java:204)
	at lucee.transformer.cfml.script.AbstrCFMLScriptTransformer.statements(AbstrCFMLScriptTransformer.java:188)
	at lucee.transformer.cfml.script.CFMLScriptTransformer.transform(CFMLScriptTransformer.java:49)
	at lucee.transformer.cfml.tag.CFMLTransformer.tag(CFMLTransformer.java:731)
	at lucee.transformer.cfml.tag.CFMLTransformer.body(CFMLTransformer.java:390)
	at lucee.transformer.cfml.tag.CFMLTransformer.transform(CFMLTransformer.java:328)
	at lucee.transformer.cfml.tag.CFMLTransformer.transform(CFMLTransformer.java:320)
	at lucee.transformer.cfml.tag.CFMLTransformer.transform(CFMLTransformer.java:241)
	at lucee.runtime.compiler.CFMLCompilerImpl._compile(CFMLCompilerImpl.java:125)
	at lucee.runtime.compiler.CFMLCompilerImpl.compile(CFMLCompilerImpl.java:76)
	at lucee.runtime.PageSourceImpl._compile(PageSourceImpl.java:440)
	at lucee.runtime.PageSourceImpl.compile(PageSourceImpl.java:407)
	at lucee.runtime.PageSourceImpl.loadPhysical(PageSourceImpl.java:329)
	at lucee.runtime.PageSourceImpl.loadPage(PageSourceImpl.java:218)
	at lucee.runtime.component.ComponentLoader.loadComponent(ComponentLoader.java:375)
	at lucee.runtime.listener.ModernAppListener._onRequest(ModernAppListener.java:113)
	at lucee.runtime.listener.MixedAppListener.onRequest(MixedAppListener.java:42)
	at lucee.runtime.PageContextImpl.execute(PageContextImpl.java:2416)
	at lucee.runtime.PageContextImpl._execute(PageContextImpl.java:2406)
	at lucee.runtime.PageContextImpl.executeCFML(PageContextImpl.java:2381)
	at lucee.runtime.engine.Request.exe(Request.java:43)
	at lucee.runtime.engine.CFMLEngineImpl._service(CFMLEngineImpl.java:1127)
	at lucee.runtime.engine.CFMLEngineImpl.serviceCFML(CFMLEngineImpl.java:1073)
	at lucee.loader.engine.CFMLEngineWrapper.serviceCFML(CFMLEngineWrapper.java:97)
	at lucee.loader.servlet.CFMLServlet.service(CFMLServlet.java:51)
..."
"ERROR","http-nio-8888-exec-28","06/22/2021","15:35:44","","Invalid Syntax Closing [}] not found;Invalid Syntax Closing [}] not found;lucee.runtime.exp.TemplateException: Invalid Syntax Closing [}] not found
	at lucee.transformer.cfml.expression.AbstrCFMLExprTransformer.json(AbstrCFMLExprTransformer.java:1306)
	at lucee.transformer.cfml.expression.AbstrCFMLExprTransformer.checker(AbstrCFMLExprTransformer.java:1007)
	at lucee.transformer.cfml.expression.AbstrCFMLExprTransformer.clip(AbstrCFMLExprTransformer.java:952)
	at lucee.transformer.cfml.expression.AbstrCFMLExprTransformer.negatePlusMinusOp(AbstrCFMLExprTransformer.java:940)
	at lucee.transformer.cfml.expression.AbstrCFMLExprTransformer.unaryOp(AbstrCFMLExprTransformer.java:882)
	at lucee.transformer.cfml.expression.AbstrCFMLExprTransformer.expoOp(AbstrCFMLExprTransformer.java:871)
	at lucee.transformer.cfml.expression.AbstrCFMLExprTransformer.divMultiOp(AbstrCFMLExprTransformer.java:814)
	at lucee.transformer.cfml.expression.AbstrCFMLExprTransformer.modOp(AbstrCFMLExprTransformer.java:782)
	at lucee.transformer.cfml.expression.AbstrCFMLExprTransformer.plusMinusOp(AbstrCFMLExprTransformer.java:737)
	at lucee.transformer.cfml.expression.AbstrCFMLExprTransformer.concatOp(AbstrCFMLExprTransformer.java:703)
	at lucee.transformer.cfml.expression.AbstrCFMLExprTransformer.decsionOp(AbstrCFMLExprTransformer.java:515)
	at lucee.transformer.cfml.expression.AbstrCFMLExprTransformer.notOp(AbstrCFMLExprTransformer.java:500)
	at lucee.transformer.cfml.expression.AbstrCFMLExprTransformer.andOp(AbstrCFMLExprTransformer.java:470)
	at lucee.transformer.cfml.expression.AbstrCFMLExprTransformer.orOp(AbstrCFMLExprTransformer.java:451)
	at lucee.transformer.cfml.expression.AbstrCFMLExprTransformer.xorOp(AbstrCFMLExprTransformer.java:433)
	at lucee.transformer.cfml.expression.AbstrCFMLExprTransformer.eqvOp(AbstrCFMLExprTransformer.java:416)
	at lucee.transformer.cfml.expression.AbstrCFMLExprTransformer.impOp(AbstrCFMLExprTransformer.java:399)
	at lucee.transformer.cfml.expression.AbstrCFMLExprTransformer.conditionalOp(AbstrCFMLExprTransformer.java:357)
	at lucee.transformer.cfml.expression.AbstrCFMLExprTransformer.assignOp(AbstrCFMLExprTransformer.java:318)
	at lucee.transformer.cfml.expression.AbstrCFMLExprTransformer.assignOp(AbstrCFMLExprTransformer.java:325)
	at lucee.transformer.cfml.expression.AbstrCFMLExprTransformer.expression(AbstrCFMLExprTransformer.java:271)
	at lucee.transformer.cfml.script.CFMLScriptTransformer.expression(CFMLScriptTransformer.java:64)
	at lucee.transformer.cfml.script.AbstrCFMLScriptTransformer.expressionStatement(AbstrCFMLScriptTransformer.java:2246)
	at lucee.transformer.cfml.script.AbstrCFMLScriptTransformer.statement(AbstrCFMLScriptTransformer.java:250)
	at lucee.transformer.cfml.script.AbstrCFMLScriptTransformer.statement(AbstrCFMLScriptTransformer.java:221)
	at lucee.transformer.cfml.script.AbstrCFMLScriptTransformer.statements(AbstrCFMLScriptTransformer.java:204)
	at lucee.transformer.cfml.script.AbstrCFMLScriptTransformer.block(AbstrCFMLScriptTransformer.java:2440)
	at lucee.transformer.cfml.script.AbstrCFMLScriptTransformer.statement(AbstrCFMLScriptTransformer.java:248)
	at lucee.transformer.cfml.script.AbstrCFMLScriptTransformer.__multiAttrStatement(AbstrCFMLScriptTransformer.java:1519)
	at lucee.transformer.cfml.script.AbstrCFMLScriptTransformer._multiAttrStatement(AbstrCFMLScriptTransformer.java:1434)
	at lucee.transformer.cfml.script.AbstrCFMLScriptTransformer.componentStatement(AbstrCFMLScriptTransformer.java:490)
	at lucee.transformer.cfml.script.AbstrCFMLScriptTransformer.statement(AbstrCFMLScriptTransformer.java:245)
	at lucee.transformer.cfml.script.AbstrCFMLScriptTransformer.statement(AbstrCFMLScriptTransformer.java:221)
	at lucee.transformer.cfml.script.AbstrCFMLScriptTransformer.statements(AbstrCFMLScriptTransformer.java:204)
	at lucee.transformer.cfml.script.AbstrCFMLScriptTransformer.statements(AbstrCFMLScriptTransformer.java:188)
	at lucee.transformer.cfml.script.CFMLScriptTransformer.transform(CFMLScriptTransformer.java:49)
	at lucee.transformer.cfml.tag.CFMLTransformer.tag(CFMLTransformer.java:731)
	at lucee.transformer.cfml.tag.CFMLTransformer.body(CFMLTransformer.java:390)
	at lucee.transformer.cfml.tag.CFMLTransformer.transform(CFMLTransformer.java:328)
	at lucee.transformer.cfml.tag.CFMLTransformer.transform(CFMLTransformer.java:320)
	at lucee.transformer.cfml.tag.CFMLTransformer.transform(CFMLTransformer.java:241)
	at lucee.runtime.compiler.CFMLCompilerImpl._compile(CFMLCompilerImpl.java:125)
	at lucee.runtime.compiler.CFMLCompilerImpl.compile(CFMLCompilerImpl.java:76)
	at lucee.runtime.PageSourceImpl._compile(PageSourceImpl.java:440)
	at lucee.runtime.PageSourceImpl.compile(PageSourceImpl.java:407)
	at lucee.runtime.PageSourceImpl.loadPhysical(PageSourceImpl.java:329)
	at lucee.runtime.PageSourceImpl.loadPage(PageSourceImpl.java:218)
	at lucee.runtime.component.ComponentLoader.loadComponent(ComponentLoader.java:375)
	at lucee.runtime.listener.ModernAppListener._onRequest(ModernAppListener.java:113)
	at lucee.runtime.listener.MixedAppListener.onRequest(MixedAppListener.java:42)
	at lucee.runtime.PageContextImpl.execute(PageContextImpl.java:2416)
	at lucee.runtime.PageContextImpl._execute(PageContextImpl.java:2406)
	at lucee.runtime.PageContextImpl.executeCFML(PageContextImpl.java:2381)
	at lucee.runtime.engine.Request.exe(Request.java:43)
	at lucee.runtime.engine.CFMLEngineImpl._service(CFMLEngineImpl.java:1127)
	at lucee.runtime.engine.CFMLEngineImpl.serviceCFML(CFMLEngineImpl.java:1073)
	at lucee.loader.engine.CFMLEngineWrapper.serviceCFML(CFMLEngineWrapper.java:97)
	at lucee.loader.servlet.CFMLServlet.service(CFMLServlet.java:51)
..."
"ERROR","http-nio-8888-exec-24","06/22/2021","15:35:45","","Invalid Syntax Closing [}] not found;Invalid Syntax Closing [}] not found;lucee.runtime.exp.TemplateException: Invalid Syntax Closing [}] not found
	at lucee.transformer.cfml.expression.AbstrCFMLExprTransformer.json(AbstrCFMLExprTransformer.java:1306)
	at lucee.transformer.cfml.expression.AbstrCFMLExprTransformer.checker(AbstrCFMLExprTransformer.java:1007)
	at lucee.transformer.cfml.expression.AbstrCFMLExprTransformer.clip(AbstrCFMLExprTransformer.java:952)
	at lucee.transformer.cfml.expression.AbstrCFMLExprTransformer.negatePlusMinusOp(AbstrCFMLExprTransformer.java:940)
	at lucee.transformer.cfml.expression.AbstrCFMLExprTransformer.unaryOp(AbstrCFMLExprTransformer.java:882)
	at lucee.transformer.cfml.expression.AbstrCFMLExprTransformer.expoOp(AbstrCFMLExprTransformer.java:871)
	at lucee.transformer.cfml.expression.AbstrCFMLExprTransformer.divMultiOp(AbstrCFMLExprTransformer.java:814)
	at lucee.transformer.cfml.expression.AbstrCFMLExprTransformer.modOp(AbstrCFMLExprTransformer.java:782)
	at lucee.transformer.cfml.expression.AbstrCFMLExprTransformer.plusMinusOp(AbstrCFMLExprTransformer.java:737)
	at lucee.transformer.cfml.expression.AbstrCFMLExprTransformer.concatOp(AbstrCFMLExprTransformer.java:703)
	at lucee.transformer.cfml.expression.AbstrCFMLExprTransformer.decsionOp(AbstrCFMLExprTransformer.java:515)
	at lucee.transformer.cfml.expression.AbstrCFMLExprTransformer.notOp(AbstrCFMLExprTransformer.java:500)
	at lucee.transformer.cfml.expression.AbstrCFMLExprTransformer.andOp(AbstrCFMLExprTransformer.java:470)
	at lucee.transformer.cfml.expression.AbstrCFMLExprTransformer.orOp(AbstrCFMLExprTransformer.java:451)
	at lucee.transformer.cfml.expression.AbstrCFMLExprTransformer.xorOp(AbstrCFMLExprTransformer.java:433)
	at lucee.transformer.cfml.expression.AbstrCFMLExprTransformer.eqvOp(AbstrCFMLExprTransformer.java:416)
	at lucee.transformer.cfml.expression.AbstrCFMLExprTransformer.impOp(AbstrCFMLExprTransformer.java:399)
	at lucee.transformer.cfml.expression.AbstrCFMLExprTransformer.conditionalOp(AbstrCFMLExprTransformer.java:357)
	at lucee.transformer.cfml.expression.AbstrCFMLExprTransformer.assignOp(AbstrCFMLExprTransformer.java:318)
	at lucee.transformer.cfml.expression.AbstrCFMLExprTransformer.assignOp(AbstrCFMLExprTransformer.java:325)
	at lucee.transformer.cfml.expression.AbstrCFMLExprTransformer.expression(AbstrCFMLExprTransformer.java:271)
	at lucee.transformer.cfml.script.CFMLScriptTransformer.expression(CFMLScriptTransformer.java:64)
	at lucee.transformer.cfml.script.AbstrCFMLScriptTransformer.expressionStatement(AbstrCFMLScriptTransformer.java:2246)
	at lucee.transformer.cfml.script.AbstrCFMLScriptTransformer.statement(AbstrCFMLScriptTransformer.java:250)
	at lucee.transformer.cfml.script.AbstrCFMLScriptTransformer.statement(AbstrCFMLScriptTransformer.java:221)
	at lucee.transformer.cfml.script.AbstrCFMLScriptTransformer.statements(AbstrCFMLScriptTransformer.java:204)
	at lucee.transformer.cfml.script.AbstrCFMLScriptTransformer.block(AbstrCFMLScriptTransformer.java:2440)
	at lucee.transformer.cfml.script.AbstrCFMLScriptTransformer.statement(AbstrCFMLScriptTransformer.java:248)
	at lucee.transformer.cfml.script.AbstrCFMLScriptTransformer.__multiAttrStatement(AbstrCFMLScriptTransformer.java:1519)
	at lucee.transformer.cfml.script.AbstrCFMLScriptTransformer._multiAttrStatement(AbstrCFMLScriptTransformer.java:1434)
	at lucee.transformer.cfml.script.AbstrCFMLScriptTransformer.componentStatement(AbstrCFMLScriptTransformer.java:490)
	at lucee.transformer.cfml.script.AbstrCFMLScriptTransformer.statement(AbstrCFMLScriptTransformer.java:245)
	at lucee.transformer.cfml.script.AbstrCFMLScriptTransformer.statement(AbstrCFMLScriptTransformer.java:221)
	at lucee.transformer.cfml.script.AbstrCFMLScriptTransformer.statements(AbstrCFMLScriptTransformer.java:204)
	at lucee.transformer.cfml.script.AbstrCFMLScriptTransformer.statements(AbstrCFMLScriptTransformer.java:188)
	at lucee.transformer.cfml.script.CFMLScriptTransformer.transform(CFMLScriptTransformer.java:49)
	at lucee.transformer.cfml.tag.CFMLTransformer.tag(CFMLTransformer.java:731)
	at lucee.transformer.cfml.tag.CFMLTransformer.body(CFMLTransformer.java:390)
	at lucee.transformer.cfml.tag.CFMLTransformer.transform(CFMLTransformer.java:328)
	at lucee.transformer.cfml.tag.CFMLTransformer.transform(CFMLTransformer.java:320)
	at lucee.transformer.cfml.tag.CFMLTransformer.transform(CFMLTransformer.java:241)
	at lucee.runtime.compiler.CFMLCompilerImpl._compile(CFMLCompilerImpl.java:125)
	at lucee.runtime.compiler.CFMLCompilerImpl.compile(CFMLCompilerImpl.java:76)
	at lucee.runtime.PageSourceImpl._compile(PageSourceImpl.java:440)
	at lucee.runtime.PageSourceImpl.compile(PageSourceImpl.java:407)
	at lucee.runtime.PageSourceImpl.loadPhysical(PageSourceImpl.java:329)
	at lucee.runtime.PageSourceImpl.loadPage(PageSourceImpl.java:218)
	at lucee.runtime.component.ComponentLoader.loadComponent(ComponentLoader.java:375)
	at lucee.runtime.listener.ModernAppListener._onRequest(ModernAppListener.java:113)
	at lucee.runtime.listener.MixedAppListener.onRequest(MixedAppListener.java:42)
	at lucee.runtime.PageContextImpl.execute(PageContextImpl.java:2416)
	at lucee.runtime.PageContextImpl._execute(PageContextImpl.java:2406)
	at lucee.runtime.PageContextImpl.executeCFML(PageContextImpl.java:2381)
	at lucee.runtime.engine.Request.exe(Request.java:43)
	at lucee.runtime.engine.CFMLEngineImpl._service(CFMLEngineImpl.java:1127)
	at lucee.runtime.engine.CFMLEngineImpl.serviceCFML(CFMLEngineImpl.java:1073)
	at lucee.loader.engine.CFMLEngineWrapper.serviceCFML(CFMLEngineWrapper.java:97)
	at lucee.loader.servlet.CFMLServlet.service(CFMLServlet.java:51)
..."
"ERROR","http-nio-8888-exec-26","06/22/2021","15:36:10","","Invalid Syntax Closing []] not found;Invalid Syntax Closing []] not found;lucee.runtime.exp.TemplateException: Invalid Syntax Closing []] not found
	at lucee.transformer.cfml.expression.AbstrCFMLExprTransformer.json(AbstrCFMLExprTransformer.java:1306)
	at lucee.transformer.cfml.expression.AbstrCFMLExprTransformer.checker(AbstrCFMLExprTransformer.java:1002)
	at lucee.transformer.cfml.expression.AbstrCFMLExprTransformer.clip(AbstrCFMLExprTransformer.java:952)
	at lucee.transformer.cfml.expression.AbstrCFMLExprTransformer.negatePlusMinusOp(AbstrCFMLExprTransformer.java:940)
	at lucee.transformer.cfml.expression.AbstrCFMLExprTransformer.unaryOp(AbstrCFMLExprTransformer.java:882)
	at lucee.transformer.cfml.expression.AbstrCFMLExprTransformer.expoOp(AbstrCFMLExprTransformer.java:871)
	at lucee.transformer.cfml.expression.AbstrCFMLExprTransformer.divMultiOp(AbstrCFMLExprTransformer.java:814)
	at lucee.transformer.cfml.expression.AbstrCFMLExprTransformer.modOp(AbstrCFMLExprTransformer.java:782)
	at lucee.transformer.cfml.expression.AbstrCFMLExprTransformer.plusMinusOp(AbstrCFMLExprTransformer.java:737)
	at lucee.transformer.cfml.expression.AbstrCFMLExprTransformer.concatOp(AbstrCFMLExprTransformer.java:703)
	at lucee.transformer.cfml.expression.AbstrCFMLExprTransformer.decsionOp(AbstrCFMLExprTransformer.java:515)
	at lucee.transformer.cfml.expression.AbstrCFMLExprTransformer.notOp(AbstrCFMLExprTransformer.java:500)
	at lucee.transformer.cfml.expression.AbstrCFMLExprTransformer.andOp(AbstrCFMLExprTransformer.java:470)
	at lucee.transformer.cfml.expression.AbstrCFMLExprTransformer.orOp(AbstrCFMLExprTransformer.java:451)
	at lucee.transformer.cfml.expression.AbstrCFMLExprTransformer.xorOp(AbstrCFMLExprTransformer.java:433)
	at lucee.transformer.cfml.expression.AbstrCFMLExprTransformer.eqvOp(AbstrCFMLExprTransformer.java:416)
	at lucee.transformer.cfml.expression.AbstrCFMLExprTransformer.impOp(AbstrCFMLExprTransformer.java:399)
	at lucee.transformer.cfml.expression.AbstrCFMLExprTransformer.conditionalOp(AbstrCFMLExprTransformer.java:357)
	at lucee.transformer.cfml.expression.AbstrCFMLExprTransformer.assignOp(AbstrCFMLExprTransformer.java:318)
	at lucee.transformer.cfml.expression.AbstrCFMLExprTransformer.assignOp(AbstrCFMLExprTransformer.java:325)
	at lucee.transformer.cfml.expression.AbstrCFMLExprTransformer.expression(AbstrCFMLExprTransformer.java:271)
	at lucee.transformer.cfml.script.CFMLScriptTransformer.expression(CFMLScriptTransformer.java:64)
	at lucee.transformer.cfml.script.AbstrCFMLScriptTransformer.expressionStatement(AbstrCFMLScriptTransformer.java:2246)
	at lucee.transformer.cfml.script.AbstrCFMLScriptTransformer.statement(AbstrCFMLScriptTransformer.java:250)
	at lucee.transformer.cfml.script.AbstrCFMLScriptTransformer.statement(AbstrCFMLScriptTransformer.java:221)
	at lucee.transformer.cfml.script.AbstrCFMLScriptTransformer.statements(AbstrCFMLScriptTransformer.java:204)
	at lucee.transformer.cfml.script.AbstrCFMLScriptTransformer.block(AbstrCFMLScriptTransformer.java:2440)
	at lucee.transformer.cfml.script.AbstrCFMLScriptTransformer.statement(AbstrCFMLScriptTransformer.java:248)
	at lucee.transformer.cfml.script.AbstrCFMLScriptTransformer.__multiAttrStatement(AbstrCFMLScriptTransformer.java:1519)
	at lucee.transformer.cfml.script.AbstrCFMLScriptTransformer._multiAttrStatement(AbstrCFMLScriptTransformer.java:1434)
	at lucee.transformer.cfml.script.AbstrCFMLScriptTransformer.componentStatement(AbstrCFMLScriptTransformer.java:490)
	at lucee.transformer.cfml.script.AbstrCFMLScriptTransformer.statement(AbstrCFMLScriptTransformer.java:245)
	at lucee.transformer.cfml.script.AbstrCFMLScriptTransformer.statement(AbstrCFMLScriptTransformer.java:221)
	at lucee.transformer.cfml.script.AbstrCFMLScriptTransformer.statements(AbstrCFMLScriptTransformer.java:204)
	at lucee.transformer.cfml.script.AbstrCFMLScriptTransformer.statements(AbstrCFMLScriptTransformer.java:188)
	at lucee.transformer.cfml.script.CFMLScriptTransformer.transform(CFMLScriptTransformer.java:49)
	at lucee.transformer.cfml.tag.CFMLTransformer.tag(CFMLTransformer.java:731)
	at lucee.transformer.cfml.tag.CFMLTransformer.body(CFMLTransformer.java:390)
	at lucee.transformer.cfml.tag.CFMLTransformer.transform(CFMLTransformer.java:328)
	at lucee.transformer.cfml.tag.CFMLTransformer.transform(CFMLTransformer.java:320)
	at lucee.transformer.cfml.tag.CFMLTransformer.transform(CFMLTransformer.java:241)
	at lucee.runtime.compiler.CFMLCompilerImpl._compile(CFMLCompilerImpl.java:125)
	at lucee.runtime.compiler.CFMLCompilerImpl.compile(CFMLCompilerImpl.java:76)
	at lucee.runtime.PageSourceImpl._compile(PageSourceImpl.java:440)
	at lucee.runtime.PageSourceImpl.compile(PageSourceImpl.java:407)
	at lucee.runtime.PageSourceImpl.loadPhysical(PageSourceImpl.java:329)
	at lucee.runtime.PageSourceImpl.loadPage(PageSourceImpl.java:218)
	at lucee.runtime.component.ComponentLoader.loadComponent(ComponentLoader.java:375)
	at lucee.runtime.listener.ModernAppListener._onRequest(ModernAppListener.java:113)
	at lucee.runtime.listener.MixedAppListener.onRequest(MixedAppListener.java:42)
	at lucee.runtime.PageContextImpl.execute(PageContextImpl.java:2416)
	at lucee.runtime.PageContextImpl._execute(PageContextImpl.java:2406)
	at lucee.runtime.PageContextImpl.executeCFML(PageContextImpl.java:2381)
	at lucee.runtime.engine.Request.exe(Request.java:43)
	at lucee.runtime.engine.CFMLEngineImpl._service(CFMLEngineImpl.java:1127)
	at lucee.runtime.engine.CFMLEngineImpl.serviceCFML(CFMLEngineImpl.java:1073)
	at lucee.loader.engine.CFMLEngineWrapper.serviceCFML(CFMLEngineWrapper.java:97)
	at lucee.loader.servlet.CFMLServlet.service(CFMLServlet.java:51)
..."
